build/app/intermediates/manifest_merge_blame_file/debug/manifest-merger-blame-debug-report.txt
1<?xml version="1.0" encoding="utf-8"?>
2<manifest xmlns:android="http://schemas.android.com/apk/res/android"
3    package="com.example.climate_app"
4    android:versionCode="1"
5    android:versionName="1.0.0" >
6
7    <uses-sdk
8        android:minSdkVersion="16"
9        android:targetSdkVersion="31" />
10    <!--
11         Flutter needs it to communicate with the running application
12         to allow setting breakpoints, to provide hot reload, etc.
13    -->
14    <uses-permission android:name="android.permission.INTERNET" />
14-->src\debug\AndroidManifest.xml:6:5-66
14-->src\debug\AndroidManifest.xml:6:22-64
15    <uses-permission android:name="android.permission.ACCESS_COARSE_LOCATION" />
15-->src\main\AndroidManifest.xml:4:5-81
15-->src\main\AndroidManifest.xml:4:22-78
16    <uses-permission android:name="android.permission.ACCESS_FINE_LOCATION" />
16-->src\main\AndroidManifest.xml:5:4-78
16-->src\main\AndroidManifest.xml:5:21-75
17    <uses-permission android:name="android.permission.FOREGROUND_SERVICE" />
17-->[:geolocator_android] AndroidManifest.xml:7:5-77
17-->[:geolocator_android] AndroidManifest.xml:7:22-74
18
19    <application
20        android:name="android.app.Application"
21        android:appComponentFactory="androidx.core.app.CoreComponentFactory"
21-->[androidx.core:core:1.6.0] AndroidManifest.xml:24:18-86
22        android:debuggable="true"
23        android:icon="@mipmap/ic_launcher"
24        android:label="climate_app" >
25        <activity
26            android:name="com.example.climate_app.MainActivity"
27            android:configChanges="orientation|keyboardHidden|keyboard|screenSize|smallestScreenSize|locale|layoutDirection|fontScale|screenLayout|density|uiMode"
28            android:exported="true"
29            android:hardwareAccelerated="true"
30            android:launchMode="singleTop"
31            android:theme="@style/LaunchTheme"
32            android:windowSoftInputMode="adjustResize" >
33
34            <!--
35                 Specifies an Android theme to apply to this Activity as soon as
36                 the Android process has started. This theme is visible to the user
37                 while the Flutter UI initializes. After that, this theme continues
38                 to determine the Window background behind the Flutter UI.
39            -->
40            <meta-data
41                android:name="io.flutter.embedding.android.NormalTheme"
42                android:resource="@style/NormalTheme" />
43
44            <intent-filter>
45                <action android:name="android.intent.action.MAIN" />
46
47                <category android:name="android.intent.category.LAUNCHER" />
48            </intent-filter>
49        </activity>
50        <!--
51             Don't delete the meta-data below.
52             This is used by the Flutter tool to generate GeneratedPluginRegistrant.java
53        -->
54        <meta-data
55            android:name="flutterEmbedding"
56            android:value="2" />
57
58        <service
58-->[:geolocator_android] AndroidManifest.xml:10:9-14:56
59            android:name="com.baseflow.geolocator.GeolocatorLocationService"
59-->[:geolocator_android] AndroidManifest.xml:11:13-77
60            android:enabled="true"
60-->[:geolocator_android] AndroidManifest.xml:12:13-35
61            android:exported="false"
61-->[:geolocator_android] AndroidManifest.xml:13:13-37
62            android:foregroundServiceType="location" />
62-->[:geolocator_android] AndroidManifest.xml:14:13-53
63
64        <uses-library
64-->[androidx.window:window:1.0.0-beta04] AndroidManifest.xml:25:9-27:40
65            android:name="androidx.window.extensions"
65-->[androidx.window:window:1.0.0-beta04] AndroidManifest.xml:26:13-54
66            android:required="false" />
66-->[androidx.window:window:1.0.0-beta04] AndroidManifest.xml:27:13-37
67        <uses-library
67-->[androidx.window:window:1.0.0-beta04] AndroidManifest.xml:28:9-30:40
68            android:name="androidx.window.sidecar"
68-->[androidx.window:window:1.0.0-beta04] AndroidManifest.xml:29:13-51
69            android:required="false" />
69-->[androidx.window:window:1.0.0-beta04] AndroidManifest.xml:30:13-37
70
71        <activity
71-->[com.google.android.gms:play-services-base:17.0.0] AndroidManifest.xml:23:9-26:75
72            android:name="com.google.android.gms.common.api.GoogleApiActivity"
72-->[com.google.android.gms:play-services-base:17.0.0] AndroidManifest.xml:24:13-79
73            android:exported="false"
73-->[com.google.android.gms:play-services-base:17.0.0] AndroidManifest.xml:25:13-37
74            android:theme="@android:style/Theme.Translucent.NoTitleBar" />
74-->[com.google.android.gms:play-services-base:17.0.0] AndroidManifest.xml:26:13-72
75
76        <meta-data
76-->[com.google.android.gms:play-services-basement:17.0.0] AndroidManifest.xml:23:9-25:69
77            android:name="com.google.android.gms.version"
77-->[com.google.android.gms:play-services-basement:17.0.0] AndroidManifest.xml:24:13-58
78            android:value="@integer/google_play_services_version" />
78-->[com.google.android.gms:play-services-basement:17.0.0] AndroidManifest.xml:25:13-66
79    </application>
80
81</manifest>